[17:14:13] [main/INFO]: Setting user: Player175
[17:14:15] [Client thread/INFO]: LWJGL Version: 2.9.1
[17:14:30] [Client thread/INFO]: Reloading ResourceManager: Default, FMLFileResourcePack:Forge Mod Loader, FMLFileResourcePack:Minecraft Forge, FMLFileResourcePack:deli73_anomalies, FMLFileResourcePack:Example Mod
[17:14:34] [Sound Library Loader/INFO]: Sound engine started
[17:14:36] [Client thread/INFO]: Created: 512x256 textures/blocks-atlas
[17:14:37] [Client thread/INFO]: Created: 256x256 textures/items-atlas
[17:14:37] [Client thread/INFO]: Reloading ResourceManager: Default, FMLFileResourcePack:Forge Mod Loader, FMLFileResourcePack:Minecraft Forge, FMLFileResourcePack:deli73_anomalies, FMLFileResourcePack:Example Mod
[17:14:38] [Client thread/INFO]: Created: 512x256 textures/blocks-atlas
[17:14:39] [Client thread/INFO]: Created: 256x256 textures/items-atlas
[17:14:40] [Sound Library Loader/INFO]: Sound engine started
[17:14:44] [Client thread/ERROR]: Couldn't toggle fullscreen
java.lang.IllegalStateException: From thread Thread[Client thread,5,main]: Thread[Thread-6,5,main] already has the context current
	at org.lwjgl.opengl.ContextGL.checkAccess(ContextGL.java:184) ~[lwjgl-2.9.1.jar:?]
	at org.lwjgl.opengl.ContextGL.makeCurrent(ContextGL.java:189) ~[lwjgl-2.9.1.jar:?]
	at org.lwjgl.opengl.DrawableGL.makeCurrent(DrawableGL.java:110) ~[lwjgl-2.9.1.jar:?]
	at org.lwjgl.opengl.Display.makeCurrent(Display.java:706) ~[lwjgl-2.9.1.jar:?]
	at org.lwjgl.opengl.Display.makeCurrentAndSetSwapInterval(Display.java:1025) ~[lwjgl-2.9.1.jar:?]
	at org.lwjgl.opengl.Display.setDisplayMode(Display.java:251) ~[lwjgl-2.9.1.jar:?]
	at net.minecraft.client.Minecraft.updateDisplayMode(Minecraft.java:744) ~[Minecraft.class:?]
	at net.minecraft.client.Minecraft.toggleFullscreen(Minecraft.java:1575) [Minecraft.class:?]
	at net.minecraft.client.Minecraft.startGame(Minecraft.java:616) [Minecraft.class:?]
	at net.minecraft.client.Minecraft.run(Minecraft.java:942) [Minecraft.class:?]
	at net.minecraft.client.main.Main.main(Main.java:164) [Main.class:?]
	at sun.reflect.NativeMethodAccessorImpl.invoke0(Native Method) ~[?:1.8.0_45]
	at sun.reflect.NativeMethodAccessorImpl.invoke(Unknown Source) ~[?:1.8.0_45]
	at sun.reflect.DelegatingMethodAccessorImpl.invoke(Unknown Source) ~[?:1.8.0_45]
	at java.lang.reflect.Method.invoke(Unknown Source) ~[?:1.8.0_45]
	at net.minecraft.launchwrapper.Launch.launch(Launch.java:135) [launchwrapper-1.11.jar:?]
	at net.minecraft.launchwrapper.Launch.main(Launch.java:28) [launchwrapper-1.11.jar:?]
	at net.minecraftforge.gradle.GradleStartCommon.launch(Unknown Source) [start/:?]
	at GradleStart.main(Unknown Source) [start/:?]
[17:14:57] [Server thread/INFO]: Starting integrated minecraft server version 1.7.10
[17:14:57] [Server thread/INFO]: Generating keypair
[17:14:59] [Server thread/INFO]: Preparing start region for level 0
[17:15:00] [Server thread/INFO]: Preparing spawn area: 1%
[17:15:01] [Server thread/INFO]: Preparing spawn area: 21%
[17:15:02] [Server thread/INFO]: Preparing spawn area: 70%
[17:15:04] [Server thread/INFO]: Changing view distance to 4, from 10
[17:15:07] [Server thread/WARN]: Can't keep up! Did the system time change, or is the server overloaded? Running 2300ms behind, skipping 46 tick(s)
[17:15:12] [Server thread/INFO]: Player175[local:E:d1095fdb] logged in with entity id 161 at (1248.787590867537, 16.550116143982066, -974.4257599647971)
[17:15:12] [Server thread/INFO]: Player175 joined the game
[17:15:16] [Server thread/INFO]: Saving and pausing game...
[17:15:16] [Server thread/INFO]: Saving chunks for level 'Anomalies Testworld I'/Overworld
[17:15:16] [Server thread/INFO]: Saving chunks for level 'Anomalies Testworld I'/Nether
[17:15:16] [Server thread/INFO]: Saving chunks for level 'Anomalies Testworld I'/The End
[17:15:55] [Server thread/INFO]: Player175 has just earned the achievement [Taking Inventory]
[17:15:55] [Client thread/INFO]: [CHAT] Player175 has just earned the achievement [Taking Inventory]
[17:17:10] [Server thread/INFO]: [Player175: Set own game mode to Survival Mode]
[17:17:10] [Client thread/INFO]: [CHAT] Your game mode has been updated
[17:17:17] [Server thread/INFO]: [Player175: Given Hunger (ID 17) * 0 to Player175 for 30 seconds]
[17:17:17] [Client thread/INFO]: [CHAT] Given Hunger (ID 17) * 0 to Player175 for 30 seconds
[17:17:21] [Server thread/INFO]: [Player175: Given Hunger (ID 17) * 100 to Player175 for 1 seconds]
[17:17:21] [Client thread/INFO]: [CHAT] Given Hunger (ID 17) * 100 to Player175 for 1 seconds
[17:17:40] [Client thread/INFO]: [CHAT] minecraft:record_13, minecraft:cauldron, minecraft:heavy_weighted_pressure_plate, minecraft:wooden_pickaxe, minecraft:cooked_porkchop, minecraft:chainmail_leggings, minecraft:bread, deli73_anomalies:LiquidEnergy, minecraft:emerald_block, minecraft:birch_stairs, minecraft:melon_block, minecraft:iron_block, minecraft:item_frame, minecraft:comparator, minecraft:coal, minecraft:sapling, minecraft:compass, minecraft:diamond_shovel, minecraft:stone, minecraft:flowing_lava, minecraft:wheat_seeds, minecraft:diamond_horse_armor, minecraft:jukebox, minecraft:carrot_on_a_stick, minecraft:record_ward, minecraft:diamond_leggings, minecraft:gold_ingot, minecraft:cake, minecraft:record_mall, minecraft:diamond_boots, minecraft:cooked_beef, minecraft:writable_book, minecraft:flowing_water, minecraft:brick, minecraft:feather, minecraft:wool, minecraft:porkchop, minecraft:iron_horse_armor, minecraft:netherrack, minecraft:log2, minecraft:name_tag, minecraft:torch, minecraft:redstone_ore, minecraft:furnace, minecraft:fire_charge, minecraft:spruce_stairs, minecraft:stone_stairs, minecraft:ice, minecraft:reeds, deli73_anomalies:Crystal, minecraft:gunpowder, minecraft:double_plant, minecraft:carrot, minecraft:bucket, minecraft:golden_sword, minecraft:minecart, minecraft:brick_block, minecraft:nether_brick, minecraft:iron_helmet, minecraft:enchanting_table, minecraft:diamond, minecraft:stonebrick, minecraft:vine, minecraft:log, minecraft:repeater, minecraft:coal_block, minecraft:stone_button, minecraft:gold_block, minecraft:golden_horse_armor, minecraft:glass_bottle, minecraft:quartz_block, minecraft:end_portal, minecraft:fish, minecraft:quartz_ore, minecraft:stained_hardened_clay, minecraft:command_block, minecraft:bowl, minecraft:waterlily, minecraft:dark_oak_stairs, minecraft:oak_stairs, minecraft:grass, minecraft:mycelium, minecraft:cobblestone, minecraft:arrow, minecraft:quartz_stairs, minecraft:ender_chest, minecraft:quartz, minecraft:dirt, minecraft:bow, minecraft:anvil, minecraft:lava, minecraft:diamond_hoe, minecraft:lit_furnace, minecraft:diamond_block, minecraft:filled_map, minecraft:jungle_stairs, minecraft:melon, minecraft:chest_minecart, minecraft:stone_pressure_plate, minecraft:gold_ore, minecraft:golden_boots, minecraft:wooden_shovel, minecraft:hopper, minecraft:enchanted_book, minecraft:spider_eye, minecraft:baked_potato, minecraft:melon_seeds, minecraft:brown_mushroom, minecraft:yellow_flower, minecraft:redstone_torch, minecraft:hopper_minecart, minecraft:double_wooden_slab, minecraft:flint_and_steel, minecraft:string, minecraft:leaves2, minecraft:farmland, minecraft:nether_star, minecraft:brewing_stand, minecraft:glowstone, minecraft:apple, minecraft:boat, minecraft:record_wait, minecraft:potato, minecraft:pumpkin, minecraft:dragon_egg, minecraft:blaze_rod, minecraft:sandstone, minecraft:detector_rail, minecraft:light_weighted_pressure_plate, minecraft:golden_hoe, minecraft:painting, minecraft:stone_hoe, minecraft:golden_shovel, minecraft:iron_chestplate, minecraft:record_stal, minecraft:skull, minecraft:lava_bucket, minecraft:leather_chestplate, minecraft:stone_pickaxe, minecraft:record_mellohi, minecraft:cookie, minecraft:diamond_pickaxe, minecraft:cactus, minecraft:lapis_ore, minecraft:cooked_fished, minecraft:redstone_block, minecraft:sandstone_stairs, minecraft:blaze_powder, minecraft:diamond_helmet, minecraft:command_block_minecart, minecraft:clock, minecraft:iron_leggings, minecraft:wooden_hoe, minecraft:slime_ball, minecraft:rotten_flesh, minecraft:saddle, minecraft:acacia_stairs, minecraft:record_blocks, minecraft:potion, deli73_anomalies:AnomalyStone, minecraft:experience_bottle, minecraft:redstone, minecraft:netherbrick, minecraft:brick_stairs, minecraft:mushroom_stew, minecraft:map, minecraft:daylight_detector, minecraft:water_bucket, minecraft:lead, minecraft:chicken, minecraft:piston, minecraft:snow_layer, minecraft:firework_charge, minecraft:nether_wart, minecraft:red_mushroom, minecraft:chest, minecraft:fishing_rod, minecraft:iron_sword, minecraft:sticky_piston, minecraft:coal_ore, minecraft:golden_pickaxe, minecraft:bedrock, minecraft:pumpkin_pie, minecraft:iron_hoe, minecraft:record_11, minecraft:gravel, minecraft:crafting_table, minecraft:wheat, minecraft:wooden_pressure_plate, minecraft:pumpkin_seeds, minecraft:snowball, minecraft:iron_ingot, minecraft:lapis_block, minecraft:lever, minecraft:bone, minecraft:paper, minecraft:chainmail_chestplate, minecraft:leather, minecraft:end_portal_frame, minecraft:diamond_axe, minecraft:sign, minecraft:chainmail_helmet, minecraft:carrots, minecraft:noteblock, minecraft:glass, minecraft:fence, minecraft:clay_ball, minecraft:tallgrass, minecraft:milk_bucket, minecraft:packed_ice, minecraft:trapped_chest, minecraft:red_mushroom_block, minecraft:diamond_sword, minecraft:tnt_minecart, minecraft:flower_pot, minecraft:brown_mushroom_block, minecraft:emerald, minecraft:beacon, minecraft:gold_nugget, minecraft:red_flower, minecraft:golden_helmet, minecraft:dropper, minecraft:glass_pane, minecraft:leather_leggings, minecraft:iron_shovel, minecraft:book, minecraft:fire, minecraft:golden_apple, minecraft:dye, minecraft:leather_boots, minecraft:wooden_sword, minecraft:soul_sand, minecraft:diamond_ore, minecraft:deadbush, minecraft:fireworks, minecraft:speckled_melon, minecraft:bookshelf, minecraft:magma_cream, minecraft:redstone_lamp, minecraft:sand, minecraft:ender_pearl, minecraft:furnace_minecart, minecraft:iron_door, minecraft:snow, minecraft:wooden_door, minecraft:stone_brick_stairs, minecraft:portal, minecraft:chainmail_boots, minecraft:iron_boots, minecraft:golden_axe, minecraft:fence_gate, minecraft:ghast_tear, minecraft:obsidian, minecraft:diamond_chestplate, minecraft:ender_eye, minecraft:iron_pickaxe, minecraft:clay, minecraft:mossy_cobblestone, minecraft:stone_axe, minecraft:golden_carrot, minecraft:lit_pumpkin, minecraft:stick, minecraft:spawn_egg, minecraft:iron_ore, minecraft:web, minecraft:sugar, minecraft:golden_chestplate, minecraft:hay_block, minecraft:poisonous_potato, minecraft:nether_brick_stairs, minecraft:cooked_chicken, minecraft:wooden_button, minecraft:egg, minecraft:double_stone_slab, minecraft:wooden_axe, minecraft:tnt, minecraft:stone_slab, minecraft:potatoes, minecraft:emerald_ore, minecraft:beef, minecraft:record_cat, minecraft:leaves, minecraft:tripwire_hook, minecraft:fermented_spider_eye, minecraft:activator_rail, minecraft:trapdoor, minecraft:record_far, minecraft:leather_helmet, minecraft:written_book, minecraft:water, minecraft:golden_rail, minecraft:shears, minecraft:golden_leggings, minecraft:carpet, minecraft:flint, minecraft:nether_brick_fence, minecraft:record_strad, minecraft:planks, minecraft:glowstone_dust, minecraft:dispenser, minecraft:record_chirp, minecraft:hardened_clay, minecraft:bed, minecraft:stained_glass_pane, minecraft:sponge, minecraft:cocoa, minecraft:iron_bars, minecraft:stained_glass, minecraft:stone_sword, minecraft:rail, minecraft:monster_egg, minecraft:mob_spawner, minecraft:iron_axe, minecraft:wooden_slab, minecraft:stone_shovel, minecraft:cobblestone_wall, minecraft:ladder, minecraft:end_stone
[17:17:49] [Client thread/INFO]: [CHAT] deli73_anomalies:LiquidEnergy, deli73_anomalies:Crystal, deli73_anomalies:AnomalyStone
[17:17:50] [Server thread/INFO]: [Player175: Given [Liquid Energy] * 1 to Player175]
[17:17:50] [Client thread/INFO]: [CHAT] Given [Liquid Energy] * 1 to Player175
[17:17:54] [Client thread/INFO]: [CHAT] The number you have entered (1000) is too big, it must be at most 255
[17:17:58] [Server thread/INFO]: [Player175: Given Hunger (ID 17) * 255 to Player175 for 1 seconds]
[17:17:58] [Client thread/INFO]: [CHAT] Given Hunger (ID 17) * 255 to Player175 for 1 seconds
[17:18:25] [Server thread/INFO]: Saving and pausing game...
[17:18:25] [Server thread/INFO]: Saving chunks for level 'Anomalies Testworld I'/Overworld
[17:18:25] [Server thread/INFO]: Saving chunks for level 'Anomalies Testworld I'/Nether
[17:18:25] [Server thread/INFO]: Saving chunks for level 'Anomalies Testworld I'/The End
[17:18:26] [Server thread/INFO]: Stopping server
[17:18:26] [Server thread/INFO]: Saving players
[17:18:26] [Server thread/INFO]: Saving worlds
[17:18:26] [Server thread/INFO]: Saving chunks for level 'Anomalies Testworld I'/Overworld
[17:18:26] [Server thread/INFO]: Saving chunks for level 'Anomalies Testworld I'/Nether
[17:18:26] [Server thread/INFO]: Saving chunks for level 'Anomalies Testworld I'/The End
[17:18:37] [Client thread/INFO]: Stopping!
